TN:
SF:C:\dev\wksp\eca\typescript\nrwl_projects\eca-client-lib\test.js
FN:8,(anonymous_0)
FNF:1
FNH:1
FNDA:1,(anonymous_0)
DA:2,1
DA:3,1
DA:4,1
DA:5,1
DA:8,1
DA:11,1
DA:16,1
DA:18,1
DA:20,1
DA:22,1
DA:25,1
LF:11
LH:11
BRF:0
BRH:0
end_of_record
TN:
SF:C:/dev/wksp/eca/typescript/nrwl_projects/eca-client-lib/apps/lib-demo-eca-client/src/polyfills.ts
FNF:0
FNH:0
DA:45,1
DA:56,1
LF:2
LH:2
BRF:0
BRH:0
end_of_record
TN:
SF:C:/dev/wksp/eca/typescript/nrwl_projects/eca-client-lib/apps/lib-demo-eca-client/src/app/app.component.ts
FN:8,(anonymous_2)
FN:10,AppComponent
FN:13,(anonymous_4)
FNF:3
FNH:3
FNDA:1,(anonymous_2)
FNDA:1,AppComponent
FNDA:1,(anonymous_4)
DA:1,1
DA:8,1
DA:13,1
DA:15,1
LF:4
LH:4
BRF:0
BRH:0
end_of_record
TN:
SF:C:/dev/wksp/eca/typescript/nrwl_projects/eca-client-lib/apps/lib-demo-eca-client/src/app/portal-client-app/portal-client-app.component.ts
FN:8,(anonymous_2)
FN:10,PortalClientAppComponent
FN:13,(anonymous_4)
FNF:3
FNH:3
FNDA:1,(anonymous_2)
FNDA:1,PortalClientAppComponent
FNDA:1,(anonymous_4)
DA:1,1
DA:8,1
DA:13,1
DA:16,1
LF:4
LH:4
BRF:0
BRH:0
end_of_record
TN:
SF:C:\dev\wksp\eca\typescript\nrwl_projects\eca-client-lib\dist\@eca\client-lib\esm5\eca-client-lib.js
FN:35,(anonymous_0)
FN:36,EcaFooterComponent
FN:38,(anonymous_2)
FN:49,(anonymous_3)
FN:50,(anonymous_4)
FN:51,ScriptLoaderService
FN:54,(anonymous_6)
FN:56,(anonymous_7)
FN:64,(anonymous_8)
FN:65,(anonymous_9)
FN:84,(anonymous_10)
FN:87,(anonymous_11)
FN:88,EcaHeaderComponent
FN:95,(anonymous_13)
FN:104,(anonymous_14)
FN:107,(anonymous_15)
FN:112,(anonymous_16)
FN:114,(anonymous_17)
FN:115,(anonymous_18)
FN:127,(anonymous_19)
FN:128,(anonymous_20)
FN:142,(anonymous_21)
FN:155,(anonymous_22)
FN:156,UpdateConfig
FN:162,(anonymous_24)
FN:163,SecurityUpdateToken
FN:168,(anonymous_26)
FN:169,ApplicationConfig
FN:175,(anonymous_28)
FN:176,AttributeGroupConfig
FN:182,(anonymous_30)
FN:183,ClientConfig
FN:189,(anonymous_32)
FN:190,ConfigurationService
FN:193,(anonymous_34)
FN:194,(anonymous_35)
FN:197,(anonymous_36)
FN:200,(anonymous_37)
FN:202,(anonymous_38)
FN:211,(anonymous_39)
FN:216,(anonymous_40)
FN:218,(anonymous_41)
FN:222,(anonymous_42)
FN:227,(anonymous_43)
FN:229,(anonymous_44)
FN:233,(anonymous_45)
FN:238,(anonymous_46)
FN:240,(anonymous_47)
FN:244,(anonymous_48)
FN:252,(anonymous_49)
FN:256,(anonymous_50)
FN:257,EcaPortalAppContainerComponent
FN:266,(anonymous_52)
FN:268,(anonymous_53)
FN:271,(anonymous_54)
FN:274,(anonymous_55)
FN:275,(anonymous_56)
FN:276,(anonymous_57)
FN:276,(anonymous_58)
FN:278,(anonymous_59)
FN:280,(anonymous_60)
FN:284,(anonymous_61)
FN:302,(anonymous_62)
FN:307,(anonymous_63)
FN:308,EcaUnauthorizedComponent
FN:319,(anonymous_65)
FN:320,(anonymous_66)
FN:321,SecurityService
FN:327,(anonymous_68)
FN:328,(anonymous_69)
FN:333,(anonymous_70)
FN:334,(anonymous_71)
FN:338,(anonymous_72)
FN:342,(anonymous_73)
FN:349,(anonymous_74)
FN:352,(anonymous_75)
FN:359,(anonymous_76)
FN:361,(anonymous_77)
FN:362,(anonymous_78)
FN:369,(anonymous_79)
FN:374,getQueryParam
FN:387,initialState
FN:401,configFileReducer
FN:409,ecaSecurityTokenReducer
FN:417,sessionReducer
FN:428,(anonymous_85)
FN:429,RedirectOnUnauthorized
FN:433,(anonymous_87)
FN:435,(anonymous_88)
FN:447,(anonymous_89)
FN:451,(anonymous_90)
FN:452,EcaClientModule
FNF:92
FNH:53
FNDA:1,(anonymous_0)
FNDA:1,EcaFooterComponent
FNDA:1,(anonymous_2)
FNDA:1,(anonymous_3)
FNDA:1,(anonymous_4)
FNDA:1,ScriptLoaderService
FNDA:1,(anonymous_6)
FNDA:0,(anonymous_7)
FNDA:1,(anonymous_8)
FNDA:1,(anonymous_9)
FNDA:1,(anonymous_10)
FNDA:1,(anonymous_11)
FNDA:1,EcaHeaderComponent
FNDA:0,(anonymous_13)
FNDA:1,(anonymous_14)
FNDA:2,(anonymous_15)
FNDA:1,(anonymous_16)
FNDA:1,(anonymous_17)
FNDA:1,(anonymous_18)
FNDA:0,(anonymous_19)
FNDA:0,(anonymous_20)
FNDA:1,(anonymous_21)
FNDA:1,(anonymous_22)
FNDA:1,UpdateConfig
FNDA:1,(anonymous_24)
FNDA:0,SecurityUpdateToken
FNDA:1,(anonymous_26)
FNDA:0,ApplicationConfig
FNDA:1,(anonymous_28)
FNDA:0,AttributeGroupConfig
FNDA:1,(anonymous_30)
FNDA:0,ClientConfig
FNDA:1,(anonymous_32)
FNDA:1,ConfigurationService
FNDA:0,(anonymous_34)
FNDA:0,(anonymous_35)
FNDA:1,(anonymous_36)
FNDA:1,(anonymous_37)
FNDA:0,(anonymous_38)
FNDA:0,(anonymous_39)
FNDA:0,(anonymous_40)
FNDA:0,(anonymous_41)
FNDA:0,(anonymous_42)
FNDA:0,(anonymous_43)
FNDA:0,(anonymous_44)
FNDA:0,(anonymous_45)
FNDA:0,(anonymous_46)
FNDA:0,(anonymous_47)
FNDA:0,(anonymous_48)
FNDA:1,(anonymous_49)
FNDA:1,(anonymous_50)
FNDA:1,EcaPortalAppContainerComponent
FNDA:1,(anonymous_52)
FNDA:1,(anonymous_53)
FNDA:1,(anonymous_54)
FNDA:2,(anonymous_55)
FNDA:2,(anonymous_56)
FNDA:1,(anonymous_57)
FNDA:0,(anonymous_58)
FNDA:1,(anonymous_59)
FNDA:1,(anonymous_60)
FNDA:0,(anonymous_61)
FNDA:1,(anonymous_62)
FNDA:1,(anonymous_63)
FNDA:0,EcaUnauthorizedComponent
FNDA:1,(anonymous_65)
FNDA:1,(anonymous_66)
FNDA:0,SecurityService
FNDA:0,(anonymous_68)
FNDA:0,(anonymous_69)
FNDA:0,(anonymous_70)
FNDA:0,(anonymous_71)
FNDA:0,(anonymous_72)
FNDA:0,(anonymous_73)
FNDA:0,(anonymous_74)
FNDA:0,(anonymous_75)
FNDA:0,(anonymous_76)
FNDA:0,(anonymous_77)
FNDA:0,(anonymous_78)
FNDA:1,(anonymous_79)
FNDA:1,getQueryParam
FNDA:1,initialState
FNDA:2,configFileReducer
FNDA:2,ecaSecurityTokenReducer
FNDA:2,sessionReducer
FNDA:1,(anonymous_85)
FNDA:0,RedirectOnUnauthorized
FNDA:0,(anonymous_87)
FNDA:0,(anonymous_88)
FNDA:1,(anonymous_89)
FNDA:1,(anonymous_90)
FNDA:1,EcaClientModule
DA:35,1
DA:38,1
DA:40,1
DA:42,1
DA:49,1
DA:50,1
DA:52,1
DA:54,1
DA:55,1
DA:56,1
DA:57,0
DA:58,0
DA:59,0
DA:61,0
DA:62,0
DA:64,1
DA:65,1
DA:66,1
DA:67,1
DA:68,1
DA:69,1
DA:70,1
DA:71,1
DA:72,1
DA:73,1
DA:79,1
DA:81,1
DA:84,1
DA:87,1
DA:89,1
DA:90,1
DA:91,1
DA:92,1
DA:93,1
DA:95,1
DA:96,0
DA:97,0
DA:98,0
DA:101,0
DA:104,1
DA:105,1
DA:106,1
DA:108,2
DA:109,2
DA:113,1
DA:114,1
DA:115,1
DA:116,1
DA:117,1
DA:119,0
DA:120,0
DA:121,0
DA:127,1
DA:128,0
DA:129,0
DA:133,1
DA:135,1
DA:142,1
DA:147,1
DA:155,1
DA:157,1
DA:158,1
DA:160,1
DA:162,1
DA:164,0
DA:166,1
DA:168,1
DA:170,0
DA:171,0
DA:173,1
DA:175,1
DA:177,0
DA:178,0
DA:180,1
DA:182,1
DA:184,0
DA:185,0
DA:187,1
DA:189,1
DA:191,1
DA:192,1
DA:193,1
DA:194,0
DA:197,1
DA:198,1
DA:199,1
DA:201,1
DA:203,0
DA:204,0
DA:207,0
DA:211,1
DA:212,0
DA:213,0
DA:214,0
DA:215,0
DA:216,0
DA:217,0
DA:219,0
DA:222,1
DA:223,0
DA:224,0
DA:225,0
DA:226,0
DA:227,0
DA:228,0
DA:230,0
DA:233,1
DA:234,0
DA:235,0
DA:236,0
DA:237,0
DA:238,0
DA:239,0
DA:241,0
DA:244,1
DA:245,0
DA:247,1
DA:249,1
DA:252,1
DA:256,1
DA:258,1
DA:259,1
DA:260,1
DA:261,1
DA:262,1
DA:263,1
DA:264,1
DA:266,1
DA:268,1
DA:269,1
DA:271,1
DA:272,1
DA:273,1
DA:274,2
DA:275,2
DA:276,1
DA:278,1
DA:279,1
DA:280,1
DA:281,1
DA:285,0
DA:286,0
DA:287,0
DA:289,0
DA:293,1
DA:295,1
DA:302,1
DA:307,1
DA:310,1
DA:312,1
DA:319,1
DA:320,1
DA:322,0
DA:323,0
DA:324,0
DA:325,0
DA:327,0
DA:328,0
DA:329,0
DA:331,0
DA:333,0
DA:334,0
DA:338,1
DA:339,0
DA:340,0
DA:343,0
DA:344,0
DA:349,1
DA:350,0
DA:351,0
DA:353,0
DA:354,0
DA:359,1
DA:360,0
DA:361,0
DA:362,0
DA:364,1
DA:366,1
DA:369,1
DA:375,1
DA:376,1
DA:377,1
DA:378,1
DA:379,1
DA:380,1
DA:382,0
DA:383,0
DA:385,0
DA:388,1
DA:402,2
DA:404,1
DA:406,1
DA:410,2
DA:412,0
DA:414,2
DA:418,2
DA:420,2
DA:423,1
DA:428,1
DA:430,0
DA:431,0
DA:433,1
DA:434,0
DA:435,0
DA:436,0
DA:437,0
DA:439,0
DA:442,1
DA:444,1
DA:447,1
DA:451,1
DA:454,1
DA:456,1
LF:213
LH:130
BRDA:58,0,0,0
BRDA:58,0,1,0
BRDA:97,1,0,0
BRDA:97,1,1,0
BRDA:116,2,0,1
BRDA:116,2,1,0
BRDA:203,3,0,0
BRDA:203,3,1,0
BRDA:286,4,0,0
BRDA:286,4,1,0
BRDA:379,5,0,1
BRDA:379,5,1,0
BRDA:382,6,0,0
BRDA:382,6,1,0
BRDA:402,7,0,1
BRDA:402,7,1,1
BRDA:410,8,0,0
BRDA:410,8,1,2
BRDA:418,9,0,2
BRDA:436,10,0,0
BRDA:436,10,1,0
BRF:21
BRH:6
end_of_record
TN:
SF:C:/dev/wksp/eca/typescript/nrwl_projects/eca-client-lib/libs/eca-client/src/eca-client.module.ts
FN:53,(anonymous_1)
FNF:1
FNH:1
FNDA:2,(anonymous_1)
DA:1,1
DA:2,1
DA:3,1
DA:4,1
DA:5,1
DA:6,1
DA:8,1
DA:9,1
DA:10,1
DA:11,1
DA:13,1
DA:14,1
DA:15,1
DA:17,1
DA:18,1
DA:19,1
DA:53,1
DA:54,1
LF:18
LH:18
BRF:0
BRH:0
end_of_record
TN:
SF:C:/dev/wksp/eca/typescript/nrwl_projects/eca-client-lib/libs/eca-client/src/redirect-on-unauthorized.ts
FN:8,(anonymous_2)
FN:10,RedirectOnUnauthorized
FN:13,(anonymous_4)
FN:14,(anonymous_5)
FNF:4
FNH:1
FNDA:1,(anonymous_2)
FNDA:0,RedirectOnUnauthorized
FNDA:0,(anonymous_4)
FNDA:0,(anonymous_5)
DA:1,1
DA:2,1
DA:3,1
DA:8,1
DA:10,0
DA:13,1
DA:14,0
DA:15,0
DA:16,0
DA:18,0
DA:21,1
LF:11
LH:6
BRDA:15,0,0,0
BRDA:15,0,1,0
BRF:2
BRH:0
end_of_record
TN:
SF:C:/dev/wksp/eca/typescript/nrwl_projects/eca-client-lib/libs/eca-client/src/rxjs-operators.ts
FNF:0
FNH:0
DA:2,1
DA:3,1
DA:4,1
DA:5,1
DA:6,1
DA:7,1
DA:8,1
DA:9,1
DA:12,1
DA:13,1
DA:14,1
DA:15,1
DA:16,1
DA:17,1
DA:18,1
DA:19,1
DA:20,1
DA:21,1
DA:22,1
DA:23,1
DA:24,1
DA:25,1
LF:22
LH:22
BRF:0
BRH:0
end_of_record
TN:
SF:C:/dev/wksp/eca/typescript/nrwl_projects/eca-client-lib/libs/eca-client/src/eca-footer/eca-footer.component.ts
FN:8,(anonymous_2)
FN:10,EcaFooterComponent
FN:13,(anonymous_4)
FNF:3
FNH:3
FNDA:1,(anonymous_2)
FNDA:7,EcaFooterComponent
FNDA:7,(anonymous_4)
DA:1,1
DA:8,1
DA:13,1
DA:16,1
LF:4
LH:4
BRF:0
BRH:0
end_of_record
TN:
SF:C:/dev/wksp/eca/typescript/nrwl_projects/eca-client-lib/libs/eca-client/src/eca-header/eca-header.component.ts
FN:14,(anonymous_14)
FN:19,EcaHeaderComponent
FN:26,(anonymous_16)
FN:35,(anonymous_17)
FN:40,(anonymous_18)
FN:44,(anonymous_19)
FN:50,(anonymous_22)
FN:53,(anonymous_23)
FNF:8
FNH:8
FNDA:1,(anonymous_14)
FNDA:8,EcaHeaderComponent
FNDA:8,(anonymous_16)
FNDA:8,(anonymous_17)
FNDA:8,(anonymous_18)
FNDA:8,(anonymous_19)
FNDA:8,(anonymous_22)
FNDA:8,(anonymous_23)
DA:1,1
DA:2,1
DA:3,1
DA:4,1
DA:5,1
DA:6,1
DA:14,1
DA:19,8
DA:20,8
DA:21,8
DA:22,8
DA:23,8
DA:26,1
DA:27,8
DA:28,8
DA:29,8
DA:31,0
DA:35,8
DA:36,8
DA:40,8
DA:41,8
DA:44,8
DA:45,8
DA:46,8
DA:50,1
DA:53,8
DA:54,8
DA:58,1
LF:28
LH:27
BRDA:28,0,0,8
BRDA:28,0,1,0
BRF:2
BRH:1
end_of_record
TN:
SF:C:/dev/wksp/eca/typescript/nrwl_projects/eca-client-lib/libs/eca-client/src/portal-container/portal-container.component.ts
FN:15,(anonymous_2)
FN:20,EcaPortalAppContainerComponent
FN:27,(anonymous_4)
FN:30,(anonymous_5)
FN:34,(anonymous_6)
FN:37,(anonymous_7)
FN:38,(anonymous_8)
FN:39,(anonymous_9)
FN:40,(anonymous_10)
FN:43,(anonymous_11)
FN:44,(anonymous_12)
FN:48,(anonymous_13)
FNF:12
FNH:11
FNDA:1,(anonymous_2)
FNDA:6,EcaPortalAppContainerComponent
FNDA:6,(anonymous_4)
FNDA:7,(anonymous_5)
FNDA:6,(anonymous_6)
FNDA:6,(anonymous_7)
FNDA:6,(anonymous_8)
FNDA:6,(anonymous_9)
FNDA:0,(anonymous_10)
FNDA:6,(anonymous_11)
FNDA:6,(anonymous_12)
FNDA:6,(anonymous_13)
DA:2,1
DA:3,1
DA:4,1
DA:6,1
DA:7,1
DA:8,1
DA:15,1
DA:18,6
DA:20,6
DA:22,6
DA:23,6
DA:24,6
DA:27,1
DA:30,1
DA:31,7
DA:34,6
DA:36,6
DA:37,6
DA:38,6
DA:39,6
DA:40,0
DA:43,6
DA:44,6
DA:45,6
DA:48,6
DA:49,6
DA:50,5
DA:52,6
DA:58,1
LF:29
LH:28
BRDA:49,0,0,5
BRDA:49,0,1,1
BRF:2
BRH:2
end_of_record
TN:
SF:C:/dev/wksp/eca/typescript/nrwl_projects/eca-client-lib/libs/eca-client/src/services/configuration.service.ts
FN:24,(anonymous_2)
FN:31,ConfigurationService
FN:27,(anonymous_4)
FN:28,(anonymous_5)
FN:34,(anonymous_6)
FN:37,(anonymous_7)
FN:40,(anonymous_8)
FN:51,(anonymous_9)
FN:57,(anonymous_10)
FN:60,(anonymous_11)
FN:67,(anonymous_12)
FN:73,(anonymous_13)
FN:76,(anonymous_14)
FN:83,(anonymous_15)
FN:89,(anonymous_16)
FN:92,(anonymous_17)
FN:99,(anonymous_18)
FNF:17
FNH:4
FNDA:1,(anonymous_2)
FNDA:8,ConfigurationService
FNDA:0,(anonymous_4)
FNDA:0,(anonymous_5)
FNDA:8,(anonymous_6)
FNDA:1,(anonymous_7)
FNDA:0,(anonymous_8)
FNDA:0,(anonymous_9)
FNDA:0,(anonymous_10)
FNDA:0,(anonymous_11)
FNDA:0,(anonymous_12)
FNDA:0,(anonymous_13)
FNDA:0,(anonymous_14)
FNDA:0,(anonymous_15)
FNDA:0,(anonymous_16)
FNDA:0,(anonymous_17)
FNDA:0,(anonymous_18)
DA:1,1
DA:2,1
DA:3,1
DA:4,1
DA:24,1
DA:27,8
DA:28,0
DA:31,8
DA:34,8
DA:35,8
DA:38,1
DA:41,0
DA:42,0
DA:44,0
DA:51,1
DA:52,0
DA:53,0
DA:54,0
DA:56,0
DA:58,0
DA:61,0
DA:67,1
DA:68,0
DA:69,0
DA:70,0
DA:72,0
DA:74,0
DA:77,0
DA:83,1
DA:84,0
DA:85,0
DA:86,0
DA:88,0
DA:90,0
DA:93,0
DA:99,1
DA:100,0
DA:102,1
LF:38
LH:15
BRDA:41,0,0,0
BRDA:41,0,1,0
BRF:2
BRH:0
end_of_record
TN:
SF:C:/dev/wksp/eca/typescript/nrwl_projects/eca-client-lib/libs/eca-client/src/services/script-loader.service.ts
FN:5,(anonymous_2)
FN:7,ScriptLoaderService
FN:11,(anonymous_4)
FN:12,(anonymous_5)
FN:20,(anonymous_6)
FN:21,(anonymous_7)
FNF:6
FNH:5
FNDA:1,(anonymous_2)
FNDA:2,ScriptLoaderService
FNDA:1,(anonymous_4)
FNDA:0,(anonymous_5)
FNDA:1,(anonymous_6)
FNDA:1,(anonymous_7)
DA:1,1
DA:2,1
DA:5,1
DA:7,2
DA:11,1
DA:12,1
DA:13,0
DA:14,0
DA:15,0
DA:17,0
DA:18,0
DA:20,1
DA:21,1
DA:22,1
DA:24,1
DA:25,1
DA:26,1
DA:27,1
DA:28,1
DA:30,1
DA:31,1
DA:37,1
LF:22
LH:17
BRDA:14,0,0,0
BRDA:14,0,1,0
BRF:2
BRH:0
end_of_record
TN:
SF:C:/dev/wksp/eca/typescript/nrwl_projects/eca-client-lib/libs/eca-client/src/services/security.service.ts
FN:11,(anonymous_2)
FN:17,SecurityService
FN:20,(anonymous_4)
FN:21,(anonymous_5)
FN:26,(anonymous_6)
FN:27,(anonymous_7)
FN:32,(anonymous_8)
FN:36,(anonymous_9)
FN:45,(anonymous_10)
FN:47,(anonymous_11)
FN:55,(anonymous_12)
FN:57,(anonymous_13)
FN:58,(anonymous_14)
FNF:13
FNH:1
FNDA:1,(anonymous_2)
FNDA:0,SecurityService
FNDA:0,(anonymous_4)
FNDA:0,(anonymous_5)
FNDA:0,(anonymous_6)
FNDA:0,(anonymous_7)
FNDA:0,(anonymous_8)
FNDA:0,(anonymous_9)
FNDA:0,(anonymous_10)
FNDA:0,(anonymous_11)
FNDA:0,(anonymous_12)
FNDA:0,(anonymous_13)
FNDA:0,(anonymous_14)
DA:1,1
DA:2,1
DA:4,1
DA:5,1
DA:6,1
DA:7,1
DA:8,1
DA:11,1
DA:17,0
DA:18,0
DA:20,0
DA:21,0
DA:22,0
DA:24,0
DA:26,0
DA:27,0
DA:32,1
DA:33,0
DA:36,0
DA:38,0
DA:45,1
DA:46,0
DA:48,0
DA:49,0
DA:55,1
DA:56,0
DA:57,0
DA:58,0
DA:61,1
LF:29
LH:12
BRF:0
BRH:0
end_of_record
TN:
SF:C:/dev/wksp/eca/typescript/nrwl_projects/eca-client-lib/libs/eca-client/src/state/eca.reducers.ts
FNF:0
FNH:0
DA:3,1
DA:4,1
DA:5,1
DA:7,1
LF:4
LH:4
BRF:0
BRH:0
end_of_record
TN:
SF:C:/dev/wksp/eca/typescript/nrwl_projects/eca-client-lib/libs/eca-client/src/state/initialState.ts
FN:4,getQueryParam
FN:43,initialState
FNF:2
FNH:0
FNDA:0,getQueryParam
FNDA:0,initialState
DA:2,1
DA:5,0
DA:6,0
DA:8,0
DA:9,0
DA:11,0
DA:12,0
DA:14,0
DA:15,0
DA:18,0
DA:43,1
DA:44,0
LF:12
LH:2
BRDA:11,0,0,0
BRDA:11,0,1,0
BRDA:14,1,0,0
BRDA:14,1,1,0
BRF:4
BRH:0
end_of_record
TN:
SF:C:/dev/wksp/eca/typescript/nrwl_projects/eca-client-lib/libs/eca-client/src/state/configuration/config-file.reducer.ts
FN:4,configFileReducer
FNF:1
FNH:1
FNDA:16,configFileReducer
DA:1,1
DA:4,1
DA:5,16
DA:10,1
DA:16,15
LF:5
LH:5
BRDA:9,0,0,1
BRDA:9,0,1,15
BRF:2
BRH:2
end_of_record
TN:
SF:C:/dev/wksp/eca/typescript/nrwl_projects/eca-client-lib/libs/eca-client/src/state/configuration/config.actions.ts
FN:18,(anonymous_0)
FN:21,UpdateConfig
FN:25,(anonymous_2)
FN:29,(anonymous_4)
FN:32,SecurityTokenUpdated
FN:37,(anonymous_6)
FN:40,ApplicationConfig
FN:44,(anonymous_8)
FN:47,AttributeGroupConfig
FN:51,(anonymous_10)
FN:54,ClientConfig
FNF:11
FNH:8
FNDA:1,(anonymous_0)
FNDA:1,UpdateConfig
FNDA:7,(anonymous_2)
FNDA:1,(anonymous_4)
FNDA:1,SecurityTokenUpdated
FNDA:1,(anonymous_6)
FNDA:0,ApplicationConfig
FNDA:1,(anonymous_8)
FNDA:0,AttributeGroupConfig
FNDA:1,(anonymous_10)
FNDA:0,ClientConfig
DA:3,1
DA:18,1
DA:19,1
DA:21,1
DA:23,1
DA:25,1
DA:26,6
DA:27,1
DA:29,1
DA:30,1
DA:32,1
DA:34,1
DA:37,1
DA:38,0
DA:40,0
DA:42,1
DA:44,1
DA:45,0
DA:47,0
DA:49,1
DA:51,1
DA:52,0
DA:54,0
DA:56,1
LF:24
LH:18
BRF:0
BRH:0
end_of_record
TN:
SF:C:/dev/wksp/eca/typescript/nrwl_projects/eca-client-lib/libs/eca-client/src/state/configuration/eca-security-token.reducer.ts
FN:3,ecaSecurityTokenReducer
FNF:1
FNH:1
FNDA:17,ecaSecurityTokenReducer
DA:1,1
DA:3,1
DA:4,17
DA:7,1
DA:10,16
LF:5
LH:5
BRDA:6,0,0,1
BRDA:6,0,1,16
BRF:2
BRH:2
end_of_record
TN:
SF:C:/dev/wksp/eca/typescript/nrwl_projects/eca-client-lib/libs/eca-client/src/state/session/session.reducer.ts
FN:3,sessionReducer
FNF:1
FNH:1
FNDA:16,sessionReducer
DA:3,1
DA:4,16
DA:6,16
LF:3
LH:3
BRDA:5,0,0,16
BRF:1
BRH:1
end_of_record
TN:
SF:C:/dev/wksp/eca/typescript/nrwl_projects/eca-client-lib/libs/eca-client/src/unauthorized/unauthorized.component.ts
FN:8,(anonymous_2)
FN:9,EcaUnauthorizedComponent
FNF:2
FNH:1
FNDA:1,(anonymous_2)
FNDA:0,EcaUnauthorizedComponent
DA:1,1
DA:8,1
DA:11,1
LF:3
LH:3
BRF:0
BRH:0
end_of_record
